2017-06-29 19:33:59,942 [Worker-3] INFO  c.g.t.t.d.PublishedGradleVersions - Gradle version information cache is not available. Remote download required.
2017-06-29 19:46:41,929 [Worker-0] INFO  c.g.t.t.d.PublishedGradleVersions - Gradle version information cache is up-to-date. Trying to read.
2017-06-29 20:00:48,026 [Worker-1] INFO  c.g.t.t.d.PublishedGradleVersions - Gradle version information cache is up-to-date. Trying to read.
2017-06-29 20:02:33,483 [Worker-1] INFO  c.g.t.t.d.PublishedGradleVersions - Gradle version information cache is up-to-date. Trying to read.
2017-06-29 20:14:04,863 [Worker-0] INFO  c.g.t.t.d.PublishedGradleVersions - Gradle version information cache is up-to-date. Trying to read.
2017-06-29 20:17:37,297 [Worker-3] INFO  c.g.t.t.d.PublishedGradleVersions - Gradle version information cache is up-to-date. Trying to read.
2017-06-29 20:20:23,530 [Start Help Server] INFO  org.eclipse.jetty.util.log - Logging initialized @183544ms to org.eclipse.jetty.util.log.Slf4jLog
2017-06-29 20:20:23,866 [Start Help Server] INFO  org.eclipse.jetty.server.Server - jetty-9.4.5.v20170502
2017-06-29 20:20:23,901 [Start Help Server] INFO  org.eclipse.jetty.server.session - DefaultSessionIdManager workerName=node0
2017-06-29 20:20:23,902 [Start Help Server] INFO  org.eclipse.jetty.server.session - No SessionScavenger set, using defaults
2017-06-29 20:20:23,903 [Start Help Server] INFO  org.eclipse.jetty.server.session - Scavenging every 660000ms
2017-06-29 20:20:24,061 [Start Help Server] INFO  o.e.j.server.handler.ContextHandler - Started o.e.j.s.ServletContextHandler@acaf7b4{/help,null,AVAILABLE}
2017-06-29 20:20:24,094 [Start Help Server] INFO  o.e.jetty.server.AbstractConnector - Started ServerConnector@3d237170{HTTP/1.1,[http/1.1]}{127.0.0.1:50713}
2017-06-29 20:20:24,094 [Start Help Server] INFO  org.eclipse.jetty.server.Server - Started @184109ms
2017-06-29 20:20:58,601 [Stop Help Server] INFO  o.e.jetty.server.AbstractConnector - Stopped ServerConnector@3d237170{HTTP/1.1,[http/1.1]}{127.0.0.1:0}
2017-06-29 20:20:58,602 [Stop Help Server] INFO  org.eclipse.jetty.server.session - Stopped scavenging
2017-06-29 20:20:58,613 [Stop Help Server] INFO  o.e.j.server.handler.ContextHandler - Stopped o.e.j.s.ServletContextHandler@acaf7b4{/help,null,UNAVAILABLE}
2017-06-29 20:38:49,386 [Worker-1] INFO  c.g.t.t.d.PublishedGradleVersions - Gradle version information cache is up-to-date. Trying to read.
2017-06-29 20:39:45,385 [Start Help Server] INFO  org.eclipse.jetty.util.log - Logging initialized @69625ms to org.eclipse.jetty.util.log.Slf4jLog
2017-06-29 20:39:45,484 [Start Help Server] INFO  org.eclipse.jetty.server.Server - jetty-9.4.5.v20170502
2017-06-29 20:39:45,505 [Start Help Server] INFO  org.eclipse.jetty.server.session - DefaultSessionIdManager workerName=node0
2017-06-29 20:39:45,505 [Start Help Server] INFO  org.eclipse.jetty.server.session - No SessionScavenger set, using defaults
2017-06-29 20:39:45,506 [Start Help Server] INFO  org.eclipse.jetty.server.session - Scavenging every 600000ms
2017-06-29 20:39:45,537 [Start Help Server] INFO  o.e.j.server.handler.ContextHandler - Started o.e.j.s.ServletContextHandler@bbbc5bf{/help,null,AVAILABLE}
2017-06-29 20:39:45,556 [Start Help Server] INFO  o.e.jetty.server.AbstractConnector - Started ServerConnector@30317730{HTTP/1.1,[http/1.1]}{127.0.0.1:50829}
2017-06-29 20:39:45,557 [Start Help Server] INFO  org.eclipse.jetty.server.Server - Started @69797ms
2017-06-29 20:42:04,276 [Stop Help Server] INFO  o.e.jetty.server.AbstractConnector - Stopped ServerConnector@30317730{HTTP/1.1,[http/1.1]}{127.0.0.1:0}
2017-06-29 20:42:04,277 [Stop Help Server] INFO  org.eclipse.jetty.server.session - Stopped scavenging
2017-06-29 20:42:04,287 [Stop Help Server] INFO  o.e.j.server.handler.ContextHandler - Stopped o.e.j.s.ServletContextHandler@bbbc5bf{/help,null,UNAVAILABLE}
2017-06-29 20:58:38,630 [Worker-3] INFO  c.g.t.t.d.PublishedGradleVersions - Gradle version information cache is up-to-date. Trying to read.
2017-06-29 21:03:27,378 [Start Help Server] INFO  org.eclipse.jetty.util.log - Logging initialized @302171ms to org.eclipse.jetty.util.log.Slf4jLog
2017-06-29 21:03:27,490 [Start Help Server] INFO  org.eclipse.jetty.server.Server - jetty-9.4.5.v20170502
2017-06-29 21:03:27,510 [Start Help Server] INFO  org.eclipse.jetty.server.session - DefaultSessionIdManager workerName=node0
2017-06-29 21:03:27,510 [Start Help Server] INFO  org.eclipse.jetty.server.session - No SessionScavenger set, using defaults
2017-06-29 21:03:27,512 [Start Help Server] INFO  org.eclipse.jetty.server.session - Scavenging every 600000ms
2017-06-29 21:03:27,542 [Start Help Server] INFO  o.e.j.server.handler.ContextHandler - Started o.e.j.s.ServletContextHandler@66abe53{/help,null,AVAILABLE}
2017-06-29 21:03:27,561 [Start Help Server] INFO  o.e.jetty.server.AbstractConnector - Started ServerConnector@19564c14{HTTP/1.1,[http/1.1]}{127.0.0.1:50928}
2017-06-29 21:03:27,562 [Start Help Server] INFO  org.eclipse.jetty.server.Server - Started @302355ms
2017-06-29 23:01:02,314 [Stop Help Server] INFO  o.e.jetty.server.AbstractConnector - Stopped ServerConnector@19564c14{HTTP/1.1,[http/1.1]}{127.0.0.1:0}
2017-06-29 23:01:02,315 [Stop Help Server] INFO  org.eclipse.jetty.server.session - Stopped scavenging
2017-06-29 23:01:02,332 [Stop Help Server] INFO  o.e.j.server.handler.ContextHandler - Stopped o.e.j.s.ServletContextHandler@66abe53{/help,null,UNAVAILABLE}
2017-06-30 16:34:12,506 [Worker-1] INFO  c.g.t.t.d.PublishedGradleVersions - Gradle version information cache is up-to-date. Trying to read.
2017-06-30 16:40:02,513 [Start Help Server] INFO  org.eclipse.jetty.util.log - Logging initialized @379710ms to org.eclipse.jetty.util.log.Slf4jLog
2017-06-30 16:40:03,351 [Start Help Server] INFO  org.eclipse.jetty.server.Server - jetty-9.4.5.v20170502
2017-06-30 16:40:03,458 [Start Help Server] INFO  org.eclipse.jetty.server.session - DefaultSessionIdManager workerName=node0
2017-06-30 16:40:03,458 [Start Help Server] INFO  org.eclipse.jetty.server.session - No SessionScavenger set, using defaults
2017-06-30 16:40:03,460 [Start Help Server] INFO  org.eclipse.jetty.server.session - Scavenging every 600000ms
2017-06-30 16:40:03,552 [Start Help Server] INFO  o.e.j.server.handler.ContextHandler - Started o.e.j.s.ServletContextHandler@5906249c{/help,null,AVAILABLE}
2017-06-30 16:40:03,652 [Start Help Server] INFO  o.e.jetty.server.AbstractConnector - Started ServerConnector@5665c399{HTTP/1.1,[http/1.1]}{127.0.0.1:53414}
2017-06-30 16:40:03,652 [Start Help Server] INFO  org.eclipse.jetty.server.Server - Started @380850ms
2017-06-30 20:25:53,135 [Stop Help Server] INFO  o.e.jetty.server.AbstractConnector - Stopped ServerConnector@5665c399{HTTP/1.1,[http/1.1]}{127.0.0.1:0}
2017-06-30 20:25:53,136 [Stop Help Server] INFO  org.eclipse.jetty.server.session - Stopped scavenging
2017-06-30 20:25:53,152 [Stop Help Server] INFO  o.e.j.server.handler.ContextHandler - Stopped o.e.j.s.ServletContextHandler@5906249c{/help,null,UNAVAILABLE}
2017-07-01 12:59:14,946 [Worker-4] INFO  c.g.t.t.d.PublishedGradleVersions - Gradle version information cache is out-of-date. Trying to update.
2017-07-01 13:00:13,933 [Start Help Server] INFO  org.eclipse.jetty.util.log - Logging initialized @84737ms to org.eclipse.jetty.util.log.Slf4jLog
2017-07-01 13:00:14,166 [Start Help Server] INFO  org.eclipse.jetty.server.Server - jetty-9.4.5.v20170502
2017-07-01 13:00:14,187 [Start Help Server] INFO  org.eclipse.jetty.server.session - DefaultSessionIdManager workerName=node0
2017-07-01 13:00:14,187 [Start Help Server] INFO  org.eclipse.jetty.server.session - No SessionScavenger set, using defaults
2017-07-01 13:00:14,188 [Start Help Server] INFO  org.eclipse.jetty.server.session - Scavenging every 660000ms
2017-07-01 13:00:14,221 [Start Help Server] INFO  o.e.j.server.handler.ContextHandler - Started o.e.j.s.ServletContextHandler@4ebddebc{/help,null,AVAILABLE}
2017-07-01 13:00:14,252 [Start Help Server] INFO  o.e.jetty.server.AbstractConnector - Started ServerConnector@34f7fd06{HTTP/1.1,[http/1.1]}{127.0.0.1:57062}
2017-07-01 13:00:14,253 [Start Help Server] INFO  org.eclipse.jetty.server.Server - Started @85058ms
2017-07-01 14:03:13,771 [Stop Help Server] INFO  o.e.jetty.server.AbstractConnector - Stopped ServerConnector@34f7fd06{HTTP/1.1,[http/1.1]}{127.0.0.1:0}
2017-07-01 14:03:13,776 [Stop Help Server] INFO  org.eclipse.jetty.server.session - Stopped scavenging
2017-07-01 14:03:13,792 [Stop Help Server] INFO  o.e.j.server.handler.ContextHandler - Stopped o.e.j.s.ServletContextHandler@4ebddebc{/help,null,UNAVAILABLE}
2017-07-01 14:06:51,382 [Worker-1] INFO  c.g.t.t.d.PublishedGradleVersions - Gradle version information cache is up-to-date. Trying to read.
2017-07-01 14:07:40,243 [Start Help Server] INFO  org.eclipse.jetty.util.log - Logging initialized @62742ms to org.eclipse.jetty.util.log.Slf4jLog
2017-07-01 14:07:40,434 [Start Help Server] INFO  org.eclipse.jetty.server.Server - jetty-9.4.5.v20170502
2017-07-01 14:07:40,458 [Start Help Server] INFO  org.eclipse.jetty.server.session - DefaultSessionIdManager workerName=node0
2017-07-01 14:07:40,459 [Start Help Server] INFO  org.eclipse.jetty.server.session - No SessionScavenger set, using defaults
2017-07-01 14:07:40,460 [Start Help Server] INFO  org.eclipse.jetty.server.session - Scavenging every 600000ms
2017-07-01 14:07:40,496 [Start Help Server] INFO  o.e.j.server.handler.ContextHandler - Started o.e.j.s.ServletContextHandler@1fae4381{/help,null,AVAILABLE}
2017-07-01 14:07:40,516 [Start Help Server] INFO  o.e.jetty.server.AbstractConnector - Started ServerConnector@22b50c4f{HTTP/1.1,[http/1.1]}{127.0.0.1:57303}
2017-07-01 14:07:40,516 [Start Help Server] INFO  org.eclipse.jetty.server.Server - Started @63016ms
2017-07-02 12:29:27,412 [Stop Help Server] INFO  o.e.jetty.server.AbstractConnector - Stopped ServerConnector@22b50c4f{HTTP/1.1,[http/1.1]}{127.0.0.1:0}
2017-07-02 12:29:27,429 [Stop Help Server] INFO  org.eclipse.jetty.server.session - Stopped scavenging
2017-07-02 12:29:27,522 [Stop Help Server] INFO  o.e.j.server.handler.ContextHandler - Stopped o.e.j.s.ServletContextHandler@1fae4381{/help,null,UNAVAILABLE}
2017-07-02 13:32:17,387 [Worker-1] INFO  c.g.t.t.d.PublishedGradleVersions - Gradle version information cache is out-of-date. Trying to update.
2017-07-02 13:33:32,053 [Start Help Server] INFO  org.eclipse.jetty.util.log - Logging initialized @106762ms to org.eclipse.jetty.util.log.Slf4jLog
2017-07-02 13:33:33,008 [Start Help Server] INFO  org.eclipse.jetty.server.Server - jetty-9.4.5.v20170502
2017-07-02 13:33:33,090 [Start Help Server] INFO  org.eclipse.jetty.server.session - DefaultSessionIdManager workerName=node0
2017-07-02 13:33:33,090 [Start Help Server] INFO  org.eclipse.jetty.server.session - No SessionScavenger set, using defaults
2017-07-02 13:33:33,092 [Start Help Server] INFO  org.eclipse.jetty.server.session - Scavenging every 600000ms
2017-07-02 13:33:33,179 [Start Help Server] INFO  o.e.j.server.handler.ContextHandler - Started o.e.j.s.ServletContextHandler@73ba219b{/help,null,AVAILABLE}
2017-07-02 13:33:33,248 [Start Help Server] INFO  o.e.jetty.server.AbstractConnector - Started ServerConnector@a8f957c{HTTP/1.1,[http/1.1]}{127.0.0.1:60263}
2017-07-02 13:33:33,249 [Start Help Server] INFO  org.eclipse.jetty.server.Server - Started @107959ms
2017-07-02 18:16:25,583 [Stop Help Server] INFO  o.e.jetty.server.AbstractConnector - Stopped ServerConnector@a8f957c{HTTP/1.1,[http/1.1]}{127.0.0.1:0}
2017-07-02 18:16:25,584 [Stop Help Server] INFO  org.eclipse.jetty.server.session - Stopped scavenging
2017-07-02 18:16:25,600 [Stop Help Server] INFO  o.e.j.server.handler.ContextHandler - Stopped o.e.j.s.ServletContextHandler@73ba219b{/help,null,UNAVAILABLE}
2017-07-02 22:12:38,565 [Worker-3] INFO  c.g.t.t.d.PublishedGradleVersions - Gradle version information cache is up-to-date. Trying to read.
2017-07-02 22:13:45,105 [Start Help Server] INFO  org.eclipse.jetty.util.log - Logging initialized @104255ms to org.eclipse.jetty.util.log.Slf4jLog
2017-07-02 22:13:47,457 [Start Help Server] INFO  org.eclipse.jetty.server.Server - jetty-9.4.5.v20170502
2017-07-02 22:13:47,698 [Start Help Server] INFO  org.eclipse.jetty.server.session - DefaultSessionIdManager workerName=node0
2017-07-02 22:13:47,698 [Start Help Server] INFO  org.eclipse.jetty.server.session - No SessionScavenger set, using defaults
2017-07-02 22:13:47,699 [Start Help Server] INFO  org.eclipse.jetty.server.session - Scavenging every 600000ms
2017-07-02 22:13:47,942 [Start Help Server] INFO  o.e.j.server.handler.ContextHandler - Started o.e.j.s.ServletContextHandler@23b9feb2{/help,null,AVAILABLE}
2017-07-02 22:13:48,023 [Start Help Server] INFO  o.e.jetty.server.AbstractConnector - Started ServerConnector@249e4e40{HTTP/1.1,[http/1.1]}{127.0.0.1:61915}
2017-07-02 22:13:48,024 [Start Help Server] INFO  org.eclipse.jetty.server.Server - Started @107174ms
2017-07-02 23:08:27,929 [Stop Help Server] INFO  o.e.jetty.server.AbstractConnector - Stopped ServerConnector@249e4e40{HTTP/1.1,[http/1.1]}{127.0.0.1:0}
2017-07-02 23:08:27,930 [Stop Help Server] INFO  org.eclipse.jetty.server.session - Stopped scavenging
2017-07-02 23:08:27,946 [Stop Help Server] INFO  o.e.j.server.handler.ContextHandler - Stopped o.e.j.s.ServletContextHandler@23b9feb2{/help,null,UNAVAILABLE}
2017-07-03 14:28:25,919 [Worker-0] INFO  c.g.t.t.d.PublishedGradleVersions - Gradle version information cache is out-of-date. Trying to update.
2017-07-03 14:30:38,133 [Start Help Server] INFO  org.eclipse.jetty.util.log - Logging initialized @166519ms to org.eclipse.jetty.util.log.Slf4jLog
2017-07-03 14:30:38,566 [Start Help Server] INFO  org.eclipse.jetty.server.Server - jetty-9.4.5.v20170502
2017-07-03 14:30:38,615 [Start Help Server] INFO  org.eclipse.jetty.server.session - DefaultSessionIdManager workerName=node0
2017-07-03 14:30:38,615 [Start Help Server] INFO  org.eclipse.jetty.server.session - No SessionScavenger set, using defaults
2017-07-03 14:30:38,617 [Start Help Server] INFO  org.eclipse.jetty.server.session - Scavenging every 660000ms
2017-07-03 14:30:38,669 [Start Help Server] INFO  o.e.j.server.handler.ContextHandler - Started o.e.j.s.ServletContextHandler@7258c622{/help,null,AVAILABLE}
2017-07-03 14:30:38,763 [Start Help Server] INFO  o.e.jetty.server.AbstractConnector - Started ServerConnector@3e478cb8{HTTP/1.1,[http/1.1]}{127.0.0.1:53590}
2017-07-03 14:30:38,764 [Start Help Server] INFO  org.eclipse.jetty.server.Server - Started @167149ms
2017-07-03 16:39:09,799 [Stop Help Server] INFO  o.e.jetty.server.AbstractConnector - Stopped ServerConnector@3e478cb8{HTTP/1.1,[http/1.1]}{127.0.0.1:0}
2017-07-03 16:39:09,800 [Stop Help Server] INFO  org.eclipse.jetty.server.session - Stopped scavenging
2017-07-03 16:39:09,812 [Stop Help Server] INFO  o.e.j.server.handler.ContextHandler - Stopped o.e.j.s.ServletContextHandler@7258c622{/help,null,UNAVAILABLE}
2017-07-04 12:51:57,703 [Worker-1] INFO  c.g.t.t.d.PublishedGradleVersions - Gradle version information cache is up-to-date. Trying to read.
2017-07-04 12:52:30,212 [Start Help Server] INFO  org.eclipse.jetty.util.log - Logging initialized @67337ms to org.eclipse.jetty.util.log.Slf4jLog
2017-07-04 12:52:30,723 [Start Help Server] INFO  org.eclipse.jetty.server.Server - jetty-9.4.5.v20170502
2017-07-04 12:52:30,795 [Start Help Server] INFO  org.eclipse.jetty.server.session - DefaultSessionIdManager workerName=node0
2017-07-04 12:52:30,795 [Start Help Server] INFO  org.eclipse.jetty.server.session - No SessionScavenger set, using defaults
2017-07-04 12:52:30,796 [Start Help Server] INFO  org.eclipse.jetty.server.session - Scavenging every 600000ms
2017-07-04 12:52:30,870 [Start Help Server] INFO  o.e.j.server.handler.ContextHandler - Started o.e.j.s.ServletContextHandler@3361f9bf{/help,null,AVAILABLE}
2017-07-04 12:52:30,941 [Start Help Server] INFO  o.e.jetty.server.AbstractConnector - Started ServerConnector@75a105d7{HTTP/1.1,[http/1.1]}{127.0.0.1:52828}
2017-07-04 12:52:30,942 [Start Help Server] INFO  org.eclipse.jetty.server.Server - Started @68067ms
2017-07-04 14:23:28,743 [Stop Help Server] INFO  o.e.jetty.server.AbstractConnector - Stopped ServerConnector@75a105d7{HTTP/1.1,[http/1.1]}{127.0.0.1:0}
2017-07-04 14:23:28,744 [Stop Help Server] INFO  org.eclipse.jetty.server.session - Stopped scavenging
2017-07-04 14:23:28,759 [Stop Help Server] INFO  o.e.j.server.handler.ContextHandler - Stopped o.e.j.s.ServletContextHandler@3361f9bf{/help,null,UNAVAILABLE}
2017-07-05 23:07:01,648 [Worker-0] INFO  c.g.t.t.d.PublishedGradleVersions - Gradle version information cache is out-of-date. Trying to update.
2017-07-05 23:18:50,522 [Start Help Server] INFO  org.eclipse.jetty.util.log - Logging initialized @776925ms to org.eclipse.jetty.util.log.Slf4jLog
2017-07-05 23:18:51,044 [Start Help Server] INFO  org.eclipse.jetty.server.Server - jetty-9.4.5.v20170502
2017-07-05 23:18:51,116 [Start Help Server] INFO  org.eclipse.jetty.server.session - DefaultSessionIdManager workerName=node0
2017-07-05 23:18:51,116 [Start Help Server] INFO  org.eclipse.jetty.server.session - No SessionScavenger set, using defaults
2017-07-05 23:18:51,118 [Start Help Server] INFO  org.eclipse.jetty.server.session - Scavenging every 600000ms
2017-07-05 23:18:51,225 [Start Help Server] INFO  o.e.j.server.handler.ContextHandler - Started o.e.j.s.ServletContextHandler@467516b3{/help,null,AVAILABLE}
2017-07-05 23:18:51,463 [Start Help Server] INFO  o.e.jetty.server.AbstractConnector - Started ServerConnector@5e726ae2{HTTP/1.1,[http/1.1]}{127.0.0.1:58299}
2017-07-05 23:18:51,463 [Start Help Server] INFO  org.eclipse.jetty.server.Server - Started @777866ms
2017-07-06 00:08:25,093 [Stop Help Server] INFO  o.e.jetty.server.AbstractConnector - Stopped ServerConnector@5e726ae2{HTTP/1.1,[http/1.1]}{127.0.0.1:0}
2017-07-06 00:08:25,094 [Stop Help Server] INFO  org.eclipse.jetty.server.session - Stopped scavenging
2017-07-06 00:08:25,104 [Stop Help Server] INFO  o.e.j.server.handler.ContextHandler - Stopped o.e.j.s.ServletContextHandler@467516b3{/help,null,UNAVAILABLE}
2017-07-09 14:53:48,006 [Worker-4] INFO  c.g.t.t.d.PublishedGradleVersions - Gradle version information cache is out-of-date. Trying to update.
2017-07-12 12:44:16,286 [Worker-3] INFO  c.g.t.t.d.PublishedGradleVersions - Gradle version information cache is out-of-date. Trying to update.
2017-07-12 14:10:40,159 [Worker-3] INFO  c.g.t.t.d.PublishedGradleVersions - Gradle version information cache is up-to-date. Trying to read.
2017-07-12 14:17:33,919 [Start Help Server] INFO  org.eclipse.jetty.util.log - Logging initialized @429921ms to org.eclipse.jetty.util.log.Slf4jLog
2017-07-12 14:17:36,090 [Start Help Server] INFO  org.eclipse.jetty.server.Server - jetty-9.4.5.v20170502
2017-07-12 14:17:36,466 [Start Help Server] INFO  org.eclipse.jetty.server.session - DefaultSessionIdManager workerName=node0
2017-07-12 14:17:36,466 [Start Help Server] INFO  org.eclipse.jetty.server.session - No SessionScavenger set, using defaults
2017-07-12 14:17:36,467 [Start Help Server] INFO  org.eclipse.jetty.server.session - Scavenging every 600000ms
2017-07-12 14:17:36,885 [Start Help Server] INFO  o.e.j.server.handler.ContextHandler - Started o.e.j.s.ServletContextHandler@70ad2694{/help,null,AVAILABLE}
2017-07-12 14:17:37,560 [Start Help Server] INFO  o.e.jetty.server.AbstractConnector - Started ServerConnector@16349303{HTTP/1.1,[http/1.1]}{127.0.0.1:50248}
2017-07-12 14:17:37,560 [Start Help Server] INFO  org.eclipse.jetty.server.Server - Started @433563ms
2017-07-12 14:17:37,595 [Start Help Server] INFO  o.e.jetty.server.AbstractConnector - Stopped ServerConnector@16349303{HTTP/1.1,[http/1.1]}{127.0.0.1:0}
2017-07-12 14:17:37,596 [Start Help Server] INFO  org.eclipse.jetty.server.session - Stopped scavenging
2017-07-12 14:17:37,603 [Start Help Server] INFO  o.e.j.server.handler.ContextHandler - Stopped o.e.j.s.ServletContextHandler@70ad2694{/help,null,UNAVAILABLE}
2017-07-12 14:17:37,607 [Start Help Server] INFO  org.eclipse.jetty.server.Server - jetty-9.4.5.v20170502
2017-07-12 14:17:37,608 [Start Help Server] INFO  org.eclipse.jetty.server.session - DefaultSessionIdManager workerName=node0
2017-07-12 14:17:37,609 [Start Help Server] INFO  org.eclipse.jetty.server.session - No SessionScavenger set, using defaults
2017-07-12 14:17:37,609 [Start Help Server] INFO  org.eclipse.jetty.server.session - Scavenging every 600000ms
2017-07-12 14:17:37,614 [Start Help Server] INFO  o.e.j.server.handler.ContextHandler - Started o.e.j.s.ServletContextHandler@1d9e90b1{/help,null,AVAILABLE}
2017-07-12 14:17:37,621 [Start Help Server] INFO  o.e.jetty.server.AbstractConnector - Started ServerConnector@23de2261{HTTP/1.1,[http/1.1]}{127.0.0.1:50253}
2017-07-12 14:17:37,622 [Start Help Server] INFO  org.eclipse.jetty.server.Server - Started @433624ms
2017-07-12 14:52:55,774 [Stop Help Server] INFO  o.e.jetty.server.AbstractConnector - Stopped ServerConnector@23de2261{HTTP/1.1,[http/1.1]}{127.0.0.1:0}
2017-07-12 14:52:55,775 [Stop Help Server] INFO  org.eclipse.jetty.server.session - Stopped scavenging
2017-07-12 14:52:55,784 [Stop Help Server] INFO  o.e.j.server.handler.ContextHandler - Stopped o.e.j.s.ServletContextHandler@1d9e90b1{/help,null,UNAVAILABLE}
2017-07-13 13:31:33,247 [Worker-0] INFO  c.g.t.t.d.PublishedGradleVersions - Gradle version information cache is out-of-date. Trying to update.
2017-07-13 13:38:26,160 [Start Help Server] INFO  org.eclipse.jetty.util.log - Logging initialized @452094ms to org.eclipse.jetty.util.log.Slf4jLog
2017-07-13 13:38:26,928 [Start Help Server] INFO  org.eclipse.jetty.server.Server - jetty-9.4.5.v20170502
2017-07-13 13:38:27,013 [Start Help Server] INFO  org.eclipse.jetty.server.session - DefaultSessionIdManager workerName=node0
2017-07-13 13:38:27,013 [Start Help Server] INFO  org.eclipse.jetty.server.session - No SessionScavenger set, using defaults
2017-07-13 13:38:27,016 [Start Help Server] INFO  org.eclipse.jetty.server.session - Scavenging every 660000ms
2017-07-13 13:38:27,143 [Start Help Server] INFO  o.e.j.server.handler.ContextHandler - Started o.e.j.s.ServletContextHandler@1a062c0d{/help,null,AVAILABLE}
2017-07-13 13:38:27,224 [Start Help Server] INFO  o.e.jetty.server.AbstractConnector - Started ServerConnector@699305e1{HTTP/1.1,[http/1.1]}{127.0.0.1:55398}
2017-07-13 13:38:27,225 [Start Help Server] INFO  org.eclipse.jetty.server.Server - Started @453159ms
2017-07-13 15:25:30,123 [Stop Help Server] INFO  o.e.jetty.server.AbstractConnector - Stopped ServerConnector@699305e1{HTTP/1.1,[http/1.1]}{127.0.0.1:0}
2017-07-13 15:25:30,124 [Stop Help Server] INFO  org.eclipse.jetty.server.session - Stopped scavenging
2017-07-13 15:25:30,145 [Stop Help Server] INFO  o.e.j.server.handler.ContextHandler - Stopped o.e.j.s.ServletContextHandler@1a062c0d{/help,null,UNAVAILABLE}
2017-07-14 10:20:20,461 [Worker-4] INFO  c.g.t.t.d.PublishedGradleVersions - Gradle version information cache is up-to-date. Trying to read.
2017-07-14 10:21:31,336 [Start Help Server] INFO  org.eclipse.jetty.util.log - Logging initialized @107498ms to org.eclipse.jetty.util.log.Slf4jLog
2017-07-14 10:21:31,914 [Start Help Server] INFO  org.eclipse.jetty.server.Server - jetty-9.4.5.v20170502
2017-07-14 10:21:31,992 [Start Help Server] INFO  org.eclipse.jetty.server.session - DefaultSessionIdManager workerName=node0
2017-07-14 10:21:31,992 [Start Help Server] INFO  org.eclipse.jetty.server.session - No SessionScavenger set, using defaults
2017-07-14 10:21:31,992 [Start Help Server] INFO  org.eclipse.jetty.server.session - Scavenging every 660000ms
2017-07-14 10:21:32,102 [Start Help Server] INFO  o.e.j.server.handler.ContextHandler - Started o.e.j.s.ServletContextHandler@4a9b948d{/help,null,AVAILABLE}
2017-07-14 10:21:32,180 [Start Help Server] INFO  o.e.jetty.server.AbstractConnector - Started ServerConnector@9cbbd92{HTTP/1.1,[http/1.1]}{127.0.0.1:65380}
2017-07-14 10:21:32,180 [Start Help Server] INFO  org.eclipse.jetty.server.Server - Started @108335ms
2017-07-14 23:06:45,969 [Stop Help Server] INFO  o.e.jetty.server.AbstractConnector - Stopped ServerConnector@9cbbd92{HTTP/1.1,[http/1.1]}{127.0.0.1:0}
2017-07-14 23:06:45,969 [Stop Help Server] INFO  org.eclipse.jetty.server.session - Stopped scavenging
2017-07-14 23:06:46,039 [Stop Help Server] INFO  o.e.j.server.handler.ContextHandler - Stopped o.e.j.s.ServletContextHandler@4a9b948d{/help,null,UNAVAILABLE}
2017-07-16 14:23:27,082 [Start Help Server] INFO  org.eclipse.jetty.util.log - Logging initialized @285544ms to org.eclipse.jetty.util.log.Slf4jLog
2017-07-16 14:23:28,370 [Start Help Server] INFO  org.eclipse.jetty.server.Server - jetty-9.4.5.v20170502
2017-07-16 14:23:28,464 [Start Help Server] INFO  org.eclipse.jetty.server.session - DefaultSessionIdManager workerName=node0
2017-07-16 14:23:28,464 [Start Help Server] INFO  org.eclipse.jetty.server.session - No SessionScavenger set, using defaults
2017-07-16 14:23:28,464 [Start Help Server] INFO  org.eclipse.jetty.server.session - Scavenging every 660000ms
2017-07-16 14:23:28,604 [Start Help Server] INFO  o.e.j.server.handler.ContextHandler - Started o.e.j.s.ServletContextHandler@73261b91{/help,null,AVAILABLE}
2017-07-16 14:23:28,698 [Start Help Server] INFO  o.e.jetty.server.AbstractConnector - Started ServerConnector@47ea340a{HTTP/1.1,[http/1.1]}{127.0.0.1:58593}
2017-07-16 14:23:28,698 [Start Help Server] INFO  org.eclipse.jetty.server.Server - Started @287186ms
2017-07-16 14:28:22,557 [Worker-13] INFO  c.g.t.t.d.PublishedGradleVersions - Gradle version information cache is out-of-date. Trying to update.
2017-07-16 16:13:50,349 [Stop Help Server] INFO  o.e.jetty.server.AbstractConnector - Stopped ServerConnector@47ea340a{HTTP/1.1,[http/1.1]}{127.0.0.1:0}
2017-07-16 16:13:50,349 [Stop Help Server] INFO  org.eclipse.jetty.server.session - Stopped scavenging
2017-07-16 16:13:50,369 [Stop Help Server] INFO  o.e.j.server.handler.ContextHandler - Stopped o.e.j.s.ServletContextHandler@73261b91{/help,null,UNAVAILABLE}
2017-07-16 17:06:58,661 [Worker-0] INFO  c.g.t.t.d.PublishedGradleVersions - Gradle version information cache is up-to-date. Trying to read.
2017-07-16 17:09:32,376 [Start Help Server] INFO  org.eclipse.jetty.util.log - Logging initialized @170153ms to org.eclipse.jetty.util.log.Slf4jLog
2017-07-16 17:09:32,552 [Start Help Server] INFO  org.eclipse.jetty.server.Server - jetty-9.4.5.v20170502
2017-07-16 17:09:32,584 [Start Help Server] INFO  org.eclipse.jetty.server.session - DefaultSessionIdManager workerName=node0
2017-07-16 17:09:32,585 [Start Help Server] INFO  org.eclipse.jetty.server.session - No SessionScavenger set, using defaults
2017-07-16 17:09:32,587 [Start Help Server] INFO  org.eclipse.jetty.server.session - Scavenging every 660000ms
2017-07-16 17:09:32,632 [Start Help Server] INFO  o.e.j.server.handler.ContextHandler - Started o.e.j.s.ServletContextHandler@7391e2e7{/help,null,AVAILABLE}
2017-07-16 17:09:32,653 [Start Help Server] INFO  o.e.jetty.server.AbstractConnector - Started ServerConnector@9c4f305{HTTP/1.1,[http/1.1]}{127.0.0.1:59311}
2017-07-16 17:09:32,654 [Start Help Server] INFO  org.eclipse.jetty.server.Server - Started @170431ms
2017-07-16 17:50:08,642 [Stop Help Server] INFO  o.e.jetty.server.AbstractConnector - Stopped ServerConnector@9c4f305{HTTP/1.1,[http/1.1]}{127.0.0.1:0}
2017-07-16 17:50:08,643 [Stop Help Server] INFO  org.eclipse.jetty.server.session - Stopped scavenging
2017-07-16 17:50:08,654 [Stop Help Server] INFO  o.e.j.server.handler.ContextHandler - Stopped o.e.j.s.ServletContextHandler@7391e2e7{/help,null,UNAVAILABLE}
2017-07-17 17:47:01,932 [Worker-3] INFO  c.g.t.t.d.PublishedGradleVersions - Gradle version information cache is out-of-date. Trying to update.
2017-07-17 17:53:33,489 [Start Help Server] INFO  org.eclipse.jetty.util.log - Logging initialized @417564ms to org.eclipse.jetty.util.log.Slf4jLog
2017-07-17 17:53:33,919 [Start Help Server] INFO  org.eclipse.jetty.server.Server - jetty-9.4.5.v20170502
2017-07-17 17:53:34,000 [Start Help Server] INFO  org.eclipse.jetty.server.session - DefaultSessionIdManager workerName=node0
2017-07-17 17:53:34,000 [Start Help Server] INFO  org.eclipse.jetty.server.session - No SessionScavenger set, using defaults
2017-07-17 17:53:34,002 [Start Help Server] INFO  org.eclipse.jetty.server.session - Scavenging every 600000ms
2017-07-17 17:53:34,098 [Start Help Server] INFO  o.e.j.server.handler.ContextHandler - Started o.e.j.s.ServletContextHandler@d96bde9{/help,null,AVAILABLE}
2017-07-17 17:53:34,174 [Start Help Server] INFO  o.e.jetty.server.AbstractConnector - Started ServerConnector@49c7f433{HTTP/1.1,[http/1.1]}{127.0.0.1:49716}
2017-07-17 17:53:34,174 [Start Help Server] INFO  org.eclipse.jetty.server.Server - Started @418249ms
2017-07-17 19:48:59,599 [Stop Help Server] INFO  o.e.jetty.server.AbstractConnector - Stopped ServerConnector@49c7f433{HTTP/1.1,[http/1.1]}{127.0.0.1:0}
2017-07-17 19:48:59,599 [Stop Help Server] INFO  org.eclipse.jetty.server.session - Stopped scavenging
2017-07-17 19:48:59,615 [Stop Help Server] INFO  o.e.j.server.handler.ContextHandler - Stopped o.e.j.s.ServletContextHandler@d96bde9{/help,null,UNAVAILABLE}
2017-07-20 16:44:40,089 [Worker-5] INFO  c.g.t.t.d.PublishedGradleVersions - Gradle version information cache is out-of-date. Trying to update.
2017-07-20 16:48:11,283 [Start Help Server] INFO  org.eclipse.jetty.util.log - Logging initialized @262341ms to org.eclipse.jetty.util.log.Slf4jLog
2017-07-20 16:48:12,061 [Start Help Server] INFO  org.eclipse.jetty.server.Server - jetty-9.4.5.v20170502
2017-07-20 16:48:12,162 [Start Help Server] INFO  org.eclipse.jetty.server.session - DefaultSessionIdManager workerName=node0
2017-07-20 16:48:12,162 [Start Help Server] INFO  org.eclipse.jetty.server.session - No SessionScavenger set, using defaults
2017-07-20 16:48:12,165 [Start Help Server] INFO  org.eclipse.jetty.server.session - Scavenging every 600000ms
2017-07-20 16:48:12,319 [Start Help Server] INFO  o.e.j.server.handler.ContextHandler - Started o.e.j.s.ServletContextHandler@302eea54{/help,null,AVAILABLE}
2017-07-20 16:48:12,421 [Start Help Server] INFO  o.e.jetty.server.AbstractConnector - Started ServerConnector@749515c4{HTTP/1.1,[http/1.1]}{127.0.0.1:56776}
2017-07-20 16:48:12,421 [Start Help Server] INFO  org.eclipse.jetty.server.Server - Started @263479ms
2017-07-20 21:50:57,286 [Stop Help Server] INFO  o.e.jetty.server.AbstractConnector - Stopped ServerConnector@749515c4{HTTP/1.1,[http/1.1]}{127.0.0.1:0}
2017-07-20 21:50:57,286 [Stop Help Server] INFO  org.eclipse.jetty.server.session - Stopped scavenging
2017-07-20 21:50:57,301 [Stop Help Server] INFO  o.e.j.server.handler.ContextHandler - Stopped o.e.j.s.ServletContextHandler@302eea54{/help,null,UNAVAILABLE}
2017-07-21 19:20:37,906 [Worker-0] INFO  c.g.t.t.d.PublishedGradleVersions - Gradle version information cache is out-of-date. Trying to update.
2017-07-21 19:30:02,471 [Start Help Server] INFO  org.eclipse.jetty.util.log - Logging initialized @598400ms to org.eclipse.jetty.util.log.Slf4jLog
2017-07-21 19:30:02,954 [Start Help Server] INFO  org.eclipse.jetty.server.Server - jetty-9.4.5.v20170502
2017-07-21 19:30:03,018 [Start Help Server] INFO  org.eclipse.jetty.server.session - DefaultSessionIdManager workerName=node0
2017-07-21 19:30:03,019 [Start Help Server] INFO  org.eclipse.jetty.server.session - No SessionScavenger set, using defaults
2017-07-21 19:30:03,020 [Start Help Server] INFO  org.eclipse.jetty.server.session - Scavenging every 600000ms
2017-07-21 19:30:03,119 [Start Help Server] INFO  o.e.j.server.handler.ContextHandler - Started o.e.j.s.ServletContextHandler@4103b77f{/help,null,AVAILABLE}
2017-07-21 19:30:03,226 [Start Help Server] INFO  o.e.jetty.server.AbstractConnector - Started ServerConnector@2591b5b0{HTTP/1.1,[http/1.1]}{127.0.0.1:54654}
2017-07-21 19:30:03,226 [Start Help Server] INFO  org.eclipse.jetty.server.Server - Started @599155ms
2017-07-21 21:35:55,423 [Stop Help Server] INFO  o.e.jetty.server.AbstractConnector - Stopped ServerConnector@2591b5b0{HTTP/1.1,[http/1.1]}{127.0.0.1:0}
2017-07-21 21:35:55,423 [Stop Help Server] INFO  org.eclipse.jetty.server.session - Stopped scavenging
2017-07-21 21:35:55,438 [Stop Help Server] INFO  o.e.j.server.handler.ContextHandler - Stopped o.e.j.s.ServletContextHandler@4103b77f{/help,null,UNAVAILABLE}
2017-07-22 12:20:13,709 [Worker-3] INFO  c.g.t.t.d.PublishedGradleVersions - Gradle version information cache is up-to-date. Trying to read.
2017-07-22 12:21:16,347 [Start Help Server] INFO  org.eclipse.jetty.util.log - Logging initialized @90140ms to org.eclipse.jetty.util.log.Slf4jLog
2017-07-22 12:21:16,593 [Start Help Server] INFO  org.eclipse.jetty.server.Server - jetty-9.4.5.v20170502
2017-07-22 12:21:16,615 [Start Help Server] INFO  org.eclipse.jetty.server.session - DefaultSessionIdManager workerName=node0
2017-07-22 12:21:16,615 [Start Help Server] INFO  org.eclipse.jetty.server.session - No SessionScavenger set, using defaults
2017-07-22 12:21:16,617 [Start Help Server] INFO  org.eclipse.jetty.server.session - Scavenging every 660000ms
2017-07-22 12:21:16,650 [Start Help Server] INFO  o.e.j.server.handler.ContextHandler - Started o.e.j.s.ServletContextHandler@3b9c7367{/help,null,AVAILABLE}
2017-07-22 12:21:16,670 [Start Help Server] INFO  o.e.jetty.server.AbstractConnector - Started ServerConnector@253aae29{HTTP/1.1,[http/1.1]}{127.0.0.1:59326}
2017-07-22 12:21:16,670 [Start Help Server] INFO  org.eclipse.jetty.server.Server - Started @90464ms
2017-07-22 18:37:16,568 [Stop Help Server] INFO  o.e.jetty.server.AbstractConnector - Stopped ServerConnector@253aae29{HTTP/1.1,[http/1.1]}{127.0.0.1:0}
2017-07-22 18:37:16,568 [Stop Help Server] INFO  org.eclipse.jetty.server.session - Stopped scavenging
2017-07-22 18:37:16,588 [Stop Help Server] INFO  o.e.j.server.handler.ContextHandler - Stopped o.e.j.s.ServletContextHandler@3b9c7367{/help,null,UNAVAILABLE}
2017-07-23 12:29:58,514 [Worker-1] INFO  c.g.t.t.d.PublishedGradleVersions - Gradle version information cache is out-of-date. Trying to update.
2017-07-23 12:37:41,754 [Start Help Server] INFO  org.eclipse.jetty.util.log - Logging initialized @495703ms to org.eclipse.jetty.util.log.Slf4jLog
2017-07-23 12:37:42,235 [Start Help Server] INFO  org.eclipse.jetty.server.Server - jetty-9.4.5.v20170502
2017-07-23 12:37:42,311 [Start Help Server] INFO  org.eclipse.jetty.server.session - DefaultSessionIdManager workerName=node0
2017-07-23 12:37:42,311 [Start Help Server] INFO  org.eclipse.jetty.server.session - No SessionScavenger set, using defaults
2017-07-23 12:37:42,312 [Start Help Server] INFO  org.eclipse.jetty.server.session - Scavenging every 660000ms
2017-07-23 12:37:42,386 [Start Help Server] INFO  o.e.j.server.handler.ContextHandler - Started o.e.j.s.ServletContextHandler@22bab7eb{/help,null,AVAILABLE}
2017-07-23 12:37:42,475 [Start Help Server] INFO  o.e.jetty.server.AbstractConnector - Started ServerConnector@5ceb186a{HTTP/1.1,[http/1.1]}{127.0.0.1:55170}
2017-07-23 12:37:42,476 [Start Help Server] INFO  org.eclipse.jetty.server.Server - Started @496427ms
2017-07-23 18:54:48,488 [Stop Help Server] INFO  o.e.jetty.server.AbstractConnector - Stopped ServerConnector@5ceb186a{HTTP/1.1,[http/1.1]}{127.0.0.1:0}
2017-07-23 18:54:48,490 [Stop Help Server] INFO  org.eclipse.jetty.server.session - Stopped scavenging
2017-07-23 18:54:48,595 [Stop Help Server] INFO  o.e.j.server.handler.ContextHandler - Stopped o.e.j.s.ServletContextHandler@22bab7eb{/help,null,UNAVAILABLE}
2017-07-23 18:57:31,645 [Worker-4] INFO  c.g.t.t.d.PublishedGradleVersions - Gradle version information cache is up-to-date. Trying to read.
2017-07-24 13:10:56,455 [Worker-1] INFO  c.g.t.t.d.PublishedGradleVersions - Gradle version information cache is out-of-date. Trying to update.
2017-07-27 10:02:03,477 [Worker-0] INFO  c.g.t.t.d.PublishedGradleVersions - Gradle version information cache is out-of-date. Trying to update.
2017-07-27 10:16:36,341 [Start Help Server] INFO  org.eclipse.jetty.util.log - Logging initialized @913158ms to org.eclipse.jetty.util.log.Slf4jLog
2017-07-27 10:16:36,875 [Start Help Server] INFO  org.eclipse.jetty.server.Server - jetty-9.4.5.v20170502
2017-07-27 10:16:36,960 [Start Help Server] INFO  org.eclipse.jetty.server.session - DefaultSessionIdManager workerName=node0
2017-07-27 10:16:36,960 [Start Help Server] INFO  org.eclipse.jetty.server.session - No SessionScavenger set, using defaults
2017-07-27 10:16:36,961 [Start Help Server] INFO  org.eclipse.jetty.server.session - Scavenging every 600000ms
2017-07-27 10:16:37,055 [Start Help Server] INFO  o.e.j.server.handler.ContextHandler - Started o.e.j.s.ServletContextHandler@1e6a763e{/help,null,AVAILABLE}
2017-07-27 10:16:37,148 [Start Help Server] INFO  o.e.jetty.server.AbstractConnector - Started ServerConnector@53f1b610{HTTP/1.1,[http/1.1]}{127.0.0.1:49856}
2017-07-27 10:16:37,149 [Start Help Server] INFO  org.eclipse.jetty.server.Server - Started @913966ms
2017-07-27 13:36:09,916 [Stop Help Server] INFO  o.e.jetty.server.AbstractConnector - Stopped ServerConnector@53f1b610{HTTP/1.1,[http/1.1]}{127.0.0.1:0}
2017-07-27 13:36:09,920 [Stop Help Server] INFO  org.eclipse.jetty.server.session - Stopped scavenging
2017-07-27 13:36:10,002 [Stop Help Server] INFO  o.e.j.server.handler.ContextHandler - Stopped o.e.j.s.ServletContextHandler@1e6a763e{/help,null,UNAVAILABLE}
2017-07-30 13:15:24,506 [Worker-6] INFO  c.g.t.t.d.PublishedGradleVersions - Gradle version information cache is out-of-date. Trying to update.
2017-07-30 13:26:30,257 [Start Help Server] INFO  org.eclipse.jetty.util.log - Logging initialized @721333ms to org.eclipse.jetty.util.log.Slf4jLog
2017-07-30 13:26:33,820 [Start Help Server] INFO  org.eclipse.jetty.server.Server - jetty-9.4.5.v20170502
2017-07-30 13:26:33,976 [Start Help Server] INFO  org.eclipse.jetty.server.session - DefaultSessionIdManager workerName=node0
2017-07-30 13:26:33,976 [Start Help Server] INFO  org.eclipse.jetty.server.session - No SessionScavenger set, using defaults
2017-07-30 13:26:33,976 [Start Help Server] INFO  org.eclipse.jetty.server.session - Scavenging every 660000ms
2017-07-30 13:26:34,248 [Start Help Server] INFO  o.e.j.server.handler.ContextHandler - Started o.e.j.s.ServletContextHandler@7febf52d{/help,null,AVAILABLE}
2017-07-30 13:26:34,435 [Start Help Server] INFO  o.e.jetty.server.AbstractConnector - Started ServerConnector@72857d45{HTTP/1.1,[http/1.1]}{127.0.0.1:54653}
2017-07-30 13:26:34,439 [Start Help Server] INFO  org.eclipse.jetty.server.Server - Started @725505ms
2017-07-30 13:26:34,503 [Start Help Server] INFO  o.e.jetty.server.AbstractConnector - Stopped ServerConnector@72857d45{HTTP/1.1,[http/1.1]}{127.0.0.1:0}
2017-07-30 13:26:34,503 [Start Help Server] INFO  org.eclipse.jetty.server.session - Stopped scavenging
2017-07-30 13:26:34,507 [Start Help Server] INFO  o.e.j.server.handler.ContextHandler - Stopped o.e.j.s.ServletContextHandler@7febf52d{/help,null,UNAVAILABLE}
2017-07-30 13:26:34,511 [Start Help Server] INFO  org.eclipse.jetty.server.Server - jetty-9.4.5.v20170502
2017-07-30 13:26:34,515 [Start Help Server] INFO  org.eclipse.jetty.server.session - DefaultSessionIdManager workerName=node0
2017-07-30 13:26:34,515 [Start Help Server] INFO  org.eclipse.jetty.server.session - No SessionScavenger set, using defaults
2017-07-30 13:26:34,515 [Start Help Server] INFO  org.eclipse.jetty.server.session - Scavenging every 600000ms
2017-07-30 13:26:34,519 [Start Help Server] INFO  o.e.j.server.handler.ContextHandler - Started o.e.j.s.ServletContextHandler@5a485ffe{/help,null,AVAILABLE}
2017-07-30 13:26:34,523 [Start Help Server] INFO  o.e.jetty.server.AbstractConnector - Started ServerConnector@5753e2cd{HTTP/1.1,[http/1.1]}{127.0.0.1:54660}
2017-07-30 13:26:34,527 [Start Help Server] INFO  org.eclipse.jetty.server.Server - Started @725593ms
2017-07-30 17:33:48,763 [Stop Help Server] INFO  o.e.jetty.server.AbstractConnector - Stopped ServerConnector@5753e2cd{HTTP/1.1,[http/1.1]}{127.0.0.1:0}
2017-07-30 17:33:48,763 [Stop Help Server] INFO  org.eclipse.jetty.server.session - Stopped scavenging
2017-07-30 17:33:48,763 [Stop Help Server] INFO  o.e.j.server.handler.ContextHandler - Stopped o.e.j.s.ServletContextHandler@5a485ffe{/help,null,UNAVAILABLE}
2017-07-30 17:34:24,304 [Worker-5] INFO  c.g.t.t.d.PublishedGradleVersions - Gradle version information cache is up-to-date. Trying to read.
2017-07-30 17:35:18,608 [Start Help Server] INFO  org.eclipse.jetty.util.log - Logging initialized @85411ms to org.eclipse.jetty.util.log.Slf4jLog
2017-07-30 17:35:18,741 [Start Help Server] INFO  org.eclipse.jetty.server.Server - jetty-9.4.5.v20170502
2017-07-30 17:35:18,763 [Start Help Server] INFO  org.eclipse.jetty.server.session - DefaultSessionIdManager workerName=node0
2017-07-30 17:35:18,763 [Start Help Server] INFO  org.eclipse.jetty.server.session - No SessionScavenger set, using defaults
2017-07-30 17:35:18,764 [Start Help Server] INFO  org.eclipse.jetty.server.session - Scavenging every 660000ms
2017-07-30 17:35:18,807 [Start Help Server] INFO  o.e.j.server.handler.ContextHandler - Started o.e.j.s.ServletContextHandler@6e2b0b52{/help,null,AVAILABLE}
2017-07-30 17:35:18,833 [Start Help Server] INFO  o.e.jetty.server.AbstractConnector - Started ServerConnector@344d951a{HTTP/1.1,[http/1.1]}{127.0.0.1:55874}
2017-07-30 17:35:18,833 [Start Help Server] INFO  org.eclipse.jetty.server.Server - Started @85637ms
2017-07-30 18:06:57,776 [Stop Help Server] INFO  o.e.jetty.server.AbstractConnector - Stopped ServerConnector@344d951a{HTTP/1.1,[http/1.1]}{127.0.0.1:0}
2017-07-30 18:06:57,777 [Stop Help Server] INFO  org.eclipse.jetty.server.session - Stopped scavenging
2017-07-30 18:06:57,796 [Stop Help Server] INFO  o.e.j.server.handler.ContextHandler - Stopped o.e.j.s.ServletContextHandler@6e2b0b52{/help,null,UNAVAILABLE}
2017-07-30 23:13:52,614 [Worker-0] INFO  c.g.t.t.d.PublishedGradleVersions - Gradle version information cache is up-to-date. Trying to read.
2017-07-31 15:02:21,292 [Worker-5] INFO  c.g.t.t.d.PublishedGradleVersions - Gradle version information cache is out-of-date. Trying to update.
2017-07-31 15:03:21,784 [Start Help Server] INFO  org.eclipse.jetty.util.log - Logging initialized @87416ms to org.eclipse.jetty.util.log.Slf4jLog
2017-07-31 15:03:22,260 [Start Help Server] INFO  org.eclipse.jetty.server.Server - jetty-9.4.5.v20170502
2017-07-31 15:03:22,346 [Start Help Server] INFO  org.eclipse.jetty.server.session - DefaultSessionIdManager workerName=node0
2017-07-31 15:03:22,346 [Start Help Server] INFO  org.eclipse.jetty.server.session - No SessionScavenger set, using defaults
2017-07-31 15:03:22,347 [Start Help Server] INFO  org.eclipse.jetty.server.session - Scavenging every 660000ms
2017-07-31 15:03:22,393 [Start Help Server] INFO  o.e.j.server.handler.ContextHandler - Started o.e.j.s.ServletContextHandler@10153485{/help,null,AVAILABLE}
2017-07-31 15:03:22,469 [Start Help Server] INFO  o.e.jetty.server.AbstractConnector - Started ServerConnector@6207e6d7{HTTP/1.1,[http/1.1]}{127.0.0.1:53870}
2017-07-31 15:03:22,471 [Start Help Server] INFO  org.eclipse.jetty.server.Server - Started @88103ms
2017-07-31 19:39:24,051 [Stop Help Server] INFO  o.e.jetty.server.AbstractConnector - Stopped ServerConnector@6207e6d7{HTTP/1.1,[http/1.1]}{127.0.0.1:0}
2017-07-31 19:39:24,055 [Stop Help Server] INFO  org.eclipse.jetty.server.session - Stopped scavenging
2017-07-31 19:39:24,071 [Stop Help Server] INFO  o.e.j.server.handler.ContextHandler - Stopped o.e.j.s.ServletContextHandler@10153485{/help,null,UNAVAILABLE}
2017-08-01 14:09:39,717 [Worker-3] INFO  c.g.t.t.d.PublishedGradleVersions - Gradle version information cache is up-to-date. Trying to read.
2017-08-01 15:55:21,025 [Worker-3] INFO  c.g.t.t.d.PublishedGradleVersions - Gradle version information cache is out-of-date. Trying to update.
2017-08-01 17:18:50,595 [Worker-0] INFO  c.g.t.t.d.PublishedGradleVersions - Gradle version information cache is up-to-date. Trying to read.
2017-08-01 18:02:30,497 [Worker-1] INFO  c.g.t.t.d.PublishedGradleVersions - Gradle version information cache is up-to-date. Trying to read.
2017-08-01 18:15:40,231 [Worker-2] INFO  c.g.t.t.d.PublishedGradleVersions - Gradle version information cache is up-to-date. Trying to read.
2017-08-01 18:25:06,524 [Worker-2] INFO  c.g.t.t.d.PublishedGradleVersions - Gradle version information cache is up-to-date. Trying to read.
2017-08-01 18:27:17,015 [Worker-0] INFO  c.g.t.t.d.PublishedGradleVersions - Gradle version information cache is up-to-date. Trying to read.
2017-08-01 19:46:29,410 [Worker-0] INFO  c.g.t.t.d.PublishedGradleVersions - Gradle version information cache is up-to-date. Trying to read.
2017-08-01 19:50:06,285 [Worker-2] INFO  c.g.t.t.d.PublishedGradleVersions - Gradle version information cache is up-to-date. Trying to read.
2017-08-02 13:58:01,428 [Worker-5] INFO  c.g.t.t.d.PublishedGradleVersions - Gradle version information cache is up-to-date. Trying to read.
2017-08-03 13:54:58,663 [Worker-3] INFO  c.g.t.t.d.PublishedGradleVersions - Gradle version information cache is out-of-date. Trying to update.
2017-08-03 14:01:32,415 [Worker-1] INFO  c.g.t.t.d.PublishedGradleVersions - Gradle version information cache is up-to-date. Trying to read.
2017-08-03 14:11:07,048 [Worker-5] INFO  c.g.t.t.d.PublishedGradleVersions - Gradle version information cache is up-to-date. Trying to read.
2017-08-04 13:49:36,698 [Worker-4] INFO  c.g.t.t.d.PublishedGradleVersions - Gradle version information cache is up-to-date. Trying to read.
2017-08-06 12:20:33,625 [Worker-3] INFO  c.g.t.t.d.PublishedGradleVersions - Gradle version information cache is out-of-date. Trying to update.
2017-08-06 15:18:04,207 [Worker-3] INFO  c.g.t.t.d.PublishedGradleVersions - Gradle version information cache is up-to-date. Trying to read.
2017-08-07 12:15:07,630 [Worker-4] INFO  c.g.t.t.d.PublishedGradleVersions - Gradle version information cache is up-to-date. Trying to read.
2017-08-07 22:14:42,577 [Worker-4] INFO  c.g.t.t.d.PublishedGradleVersions - Gradle version information cache is out-of-date. Trying to update.
2017-08-08 15:47:34,261 [Worker-3] INFO  c.g.t.t.d.PublishedGradleVersions - Gradle version information cache is up-to-date. Trying to read.
2017-08-09 18:46:49,903 [Worker-3] INFO  c.g.t.t.d.PublishedGradleVersions - Gradle version information cache is out-of-date. Trying to update.
2017-08-10 12:08:10,168 [Worker-4] INFO  c.g.t.t.d.PublishedGradleVersions - Gradle version information cache is up-to-date. Trying to read.
2017-08-10 13:03:03,802 [Worker-3] INFO  c.g.t.t.d.PublishedGradleVersions - Gradle version information cache is up-to-date. Trying to read.
2017-08-10 16:09:23,323 [Worker-4] INFO  c.g.t.t.d.PublishedGradleVersions - Gradle version information cache is up-to-date. Trying to read.
2017-08-10 17:48:23,447 [Worker-1] INFO  c.g.t.t.d.PublishedGradleVersions - Gradle version information cache is up-to-date. Trying to read.
2017-08-12 14:43:29,611 [Worker-3] INFO  c.g.t.t.d.PublishedGradleVersions - Gradle version information cache is out-of-date. Trying to update.
2017-08-18 10:57:57,449 [Worker-2] INFO  c.g.t.t.d.PublishedGradleVersions - Gradle version information cache is out-of-date. Trying to update.
2017-08-18 10:57:59,273 [Worker-2] INFO  c.g.t.t.d.PublishedGradleVersions - Updating Gradle version information cache failed. Using outdated cache.
2017-08-18 11:01:04,293 [Worker-12] WARN  o.e.r.models.ModelRepository - Failed to download jre:jre:ovrm:zip:1.0.0
org.eclipse.aether.resolution.ArtifactResolutionException: Could not transfer artifact jre:jre:zip:ovrm:1.0.0-20160630.190028-5 from/to models (http://download.eclipse.org/recommenders/models/oxygen/): download.eclipse.org
	at org.eclipse.aether.internal.impl.DefaultArtifactResolver.resolve(DefaultArtifactResolver.java:453) ~[na:na]
	at org.eclipse.aether.internal.impl.DefaultArtifactResolver.resolveArtifacts(DefaultArtifactResolver.java:255) ~[na:na]
	at org.eclipse.aether.internal.impl.DefaultArtifactResolver.resolveArtifact(DefaultArtifactResolver.java:232) ~[na:na]
	at org.eclipse.aether.internal.impl.DefaultRepositorySystem.resolveArtifact(DefaultRepositorySystem.java:303) ~[na:na]
	at org.eclipse.recommenders.models.ModelRepository.resolveInternal(ModelRepository.java:193) [org.eclipse.recommenders.models_2.4.9.v20170613-1301.jar:na]
	at org.eclipse.recommenders.models.ModelRepository.resolve(ModelRepository.java:172) [org.eclipse.recommenders.models_2.4.9.v20170613-1301.jar:na]
	at org.eclipse.recommenders.internal.models.rcp.EclipseModelRepository.resolve(EclipseModelRepository.java:168) [org.eclipse.recommenders.models.rcp_2.4.9.v20170613-1301.jar:na]
	at org.eclipse.recommenders.internal.models.rcp.DownloadModelArchiveJob.run(DownloadModelArchiveJob.java:76) [org.eclipse.recommenders.models.rcp_2.4.9.v20170613-1301.jar:na]
	at org.eclipse.core.internal.jobs.Worker.run(Worker.java:56) [org.eclipse.core.jobs_3.9.0.v20170322-0013.jar:na]
Caused by: org.eclipse.aether.transfer.ArtifactTransferException: Could not transfer artifact jre:jre:zip:ovrm:1.0.0-20160630.190028-5 from/to models (http://download.eclipse.org/recommenders/models/oxygen/): download.eclipse.org
	at org.eclipse.aether.connector.basic.ArtifactTransportListener.transferFailed(ArtifactTransportListener.java:52) ~[org.apache.maven.resolver.connector.basic_1.0.3.v20170405-0725.jar:1.0.3]
	at org.eclipse.aether.connector.basic.BasicRepositoryConnector$TaskRunner.run(BasicRepositoryConnector.java:364) ~[org.apache.maven.resolver.connector.basic_1.0.3.v20170405-0725.jar:1.0.3]
	at org.eclipse.aether.util.concurrency.RunnableErrorForwarder$1.run(RunnableErrorForwarder.java:76) ~[na:na]
	at org.eclipse.aether.connector.basic.BasicRepositoryConnector$DirectExecutor.execute(BasicRepositoryConnector.java:590) ~[org.apache.maven.resolver.connector.basic_1.0.3.v20170405-0725.jar:1.0.3]
	at org.eclipse.aether.connector.basic.BasicRepositoryConnector.get(BasicRepositoryConnector.java:258) ~[org.apache.maven.resolver.connector.basic_1.0.3.v20170405-0725.jar:1.0.3]
	at org.eclipse.aether.internal.impl.DefaultArtifactResolver.performDownloads(DefaultArtifactResolver.java:529) ~[na:na]
	at org.eclipse.aether.internal.impl.DefaultArtifactResolver.resolve(DefaultArtifactResolver.java:430) ~[na:na]
	... 8 common frames omitted
Caused by: java.net.UnknownHostException: download.eclipse.org
	at java.net.Inet6AddressImpl.lookupAllHostAddr(Native Method) ~[na:1.8.0_144]
	at java.net.InetAddress$2.lookupAllHostAddr(Unknown Source) ~[na:1.8.0_144]
	at java.net.InetAddress.getAddressesFromNameService(Unknown Source) ~[na:1.8.0_144]
	at java.net.InetAddress.getAllByName0(Unknown Source) ~[na:1.8.0_144]
	at java.net.InetAddress.getAllByName(Unknown Source) ~[na:1.8.0_144]
	at java.net.InetAddress.getAllByName(Unknown Source) ~[na:1.8.0_144]
	at org.apache.http.impl.conn.SystemDefaultDnsResolver.resolve(SystemDefaultDnsResolver.java:45) ~[na:na]
	at org.apache.http.impl.conn.DefaultClientConnectionOperator.resolveHostname(DefaultClientConnectionOperator.java:262) ~[na:na]
	at org.apache.http.impl.conn.DefaultClientConnectionOperator.openConnection(DefaultClientConnectionOperator.java:161) ~[na:na]
	at org.apache.http.impl.conn.ManagedClientConnectionImpl.open(ManagedClientConnectionImpl.java:328) ~[na:na]
	at org.apache.http.impl.client.DefaultRequestDirector.tryConnect(DefaultRequestDirector.java:612) ~[na:na]
	at org.apache.http.impl.client.DefaultRequestDirector.execute(DefaultRequestDirector.java:447) ~[na:na]
	at org.apache.http.impl.client.AbstractHttpClient.doExecute(AbstractHttpClient.java:884) ~[na:na]
	at org.apache.http.impl.client.CloseableHttpClient.execute(CloseableHttpClient.java:71) ~[na:na]
	at org.apache.http.impl.client.CloseableHttpClient.execute(CloseableHttpClient.java:55) ~[na:na]
	at org.apache.http.impl.client.DecompressingHttpClient.execute(DecompressingHttpClient.java:164) ~[na:na]
	at org.eclipse.aether.transport.http.HttpTransporter.execute(HttpTransporter.java:296) ~[org.apache.maven.resolver.transport.http_1.0.3.v20170405-0725.jar:1.0.3]
	at org.eclipse.aether.transport.http.HttpTransporter.implGet(HttpTransporter.java:252) ~[org.apache.maven.resolver.transport.http_1.0.3.v20170405-0725.jar:1.0.3]
	at org.eclipse.aether.spi.connector.transport.AbstractTransporter.get(AbstractTransporter.java:68) ~[org.apache.maven.resolver.spi_1.0.3.v20170405-0725.jar:1.0.3]
	at org.eclipse.aether.connector.basic.BasicRepositoryConnector$GetTaskRunner.runTask(BasicRepositoryConnector.java:456) ~[org.apache.maven.resolver.connector.basic_1.0.3.v20170405-0725.jar:1.0.3]
	at org.eclipse.aether.connector.basic.BasicRepositoryConnector$TaskRunner.run(BasicRepositoryConnector.java:359) ~[org.apache.maven.resolver.connector.basic_1.0.3.v20170405-0725.jar:1.0.3]
	... 13 common frames omitted
2017-08-18 11:07:05,452 [Worker-13] WARN  o.e.r.models.ModelRepository - Failed to download jre:jre:ovrm:zip:1.0.0
org.eclipse.aether.resolution.ArtifactResolutionException: Failure to transfer jre:jre:zip:ovrm:1.0.0-20160630.190028-5 from http://download.eclipse.org/recommenders/models/oxygen/ was cached in the local repository, resolution will not be reattempted until the update interval of models has elapsed or updates are forced. Original error: Could not transfer artifact jre:jre:zip:ovrm:1.0.0-20160630.190028-5 from/to models (http://download.eclipse.org/recommenders/models/oxygen/): download.eclipse.org
	at org.eclipse.aether.internal.impl.DefaultArtifactResolver.resolve(DefaultArtifactResolver.java:453) ~[na:na]
	at org.eclipse.aether.internal.impl.DefaultArtifactResolver.resolveArtifacts(DefaultArtifactResolver.java:255) ~[na:na]
	at org.eclipse.aether.internal.impl.DefaultArtifactResolver.resolveArtifact(DefaultArtifactResolver.java:232) ~[na:na]
	at org.eclipse.aether.internal.impl.DefaultRepositorySystem.resolveArtifact(DefaultRepositorySystem.java:303) ~[na:na]
	at org.eclipse.recommenders.models.ModelRepository.resolveInternal(ModelRepository.java:193) [org.eclipse.recommenders.models_2.4.9.v20170613-1301.jar:na]
	at org.eclipse.recommenders.models.ModelRepository.resolve(ModelRepository.java:172) [org.eclipse.recommenders.models_2.4.9.v20170613-1301.jar:na]
	at org.eclipse.recommenders.internal.models.rcp.EclipseModelRepository.resolve(EclipseModelRepository.java:168) [org.eclipse.recommenders.models.rcp_2.4.9.v20170613-1301.jar:na]
	at org.eclipse.recommenders.internal.models.rcp.DownloadModelArchiveJob.run(DownloadModelArchiveJob.java:76) [org.eclipse.recommenders.models.rcp_2.4.9.v20170613-1301.jar:na]
	at org.eclipse.core.internal.jobs.Worker.run(Worker.java:56) [org.eclipse.core.jobs_3.9.0.v20170322-0013.jar:na]
Caused by: org.eclipse.aether.transfer.ArtifactTransferException: Failure to transfer jre:jre:zip:ovrm:1.0.0-20160630.190028-5 from http://download.eclipse.org/recommenders/models/oxygen/ was cached in the local repository, resolution will not be reattempted until the update interval of models has elapsed or updates are forced. Original error: Could not transfer artifact jre:jre:zip:ovrm:1.0.0-20160630.190028-5 from/to models (http://download.eclipse.org/recommenders/models/oxygen/): download.eclipse.org
	at org.eclipse.aether.internal.impl.DefaultUpdateCheckManager.newException(DefaultUpdateCheckManager.java:247) ~[na:na]
	at org.eclipse.aether.internal.impl.DefaultUpdateCheckManager.checkArtifact(DefaultUpdateCheckManager.java:215) ~[na:na]
	at org.eclipse.aether.internal.impl.DefaultArtifactResolver.gatherDownloads(DefaultArtifactResolver.java:594) ~[na:na]
	at org.eclipse.aether.internal.impl.DefaultArtifactResolver.performDownloads(DefaultArtifactResolver.java:512) ~[na:na]
	at org.eclipse.aether.internal.impl.DefaultArtifactResolver.resolve(DefaultArtifactResolver.java:430) ~[na:na]
	... 8 common frames omitted
2017-08-18 14:10:12,217 [Worker-1] INFO  c.g.t.t.d.PublishedGradleVersions - Gradle version information cache is out-of-date. Trying to update.
2017-08-21 11:56:58,213 [Worker-3] INFO  c.g.t.t.d.PublishedGradleVersions - Gradle version information cache is out-of-date. Trying to update.
2017-08-21 11:57:00,019 [Worker-3] INFO  c.g.t.t.d.PublishedGradleVersions - Updating Gradle version information cache failed. Using outdated cache.
2017-08-21 15:53:16,537 [Worker-0] INFO  c.g.t.t.d.PublishedGradleVersions - Gradle version information cache is out-of-date. Trying to update.
2017-08-21 16:18:11,332 [Worker-0] INFO  c.g.t.t.d.PublishedGradleVersions - Gradle version information cache is up-to-date. Trying to read.
2017-08-21 16:26:41,240 [Worker-3] INFO  c.g.t.t.d.PublishedGradleVersions - Gradle version information cache is up-to-date. Trying to read.
2017-08-21 16:33:54,426 [Worker-0] INFO  c.g.t.t.d.PublishedGradleVersions - Gradle version information cache is up-to-date. Trying to read.
